IntentRetornaValorActivity/app/build/intermediates/manifest_merge_blame_file/debug/processDebugMainManifest/manifest-merger-blame-debug-report.txt
1<?xml version="1.0" encoding="utf-8"?>
2<manifest xmlns:android="http://schemas.android.com/apk/res/android"
3    package="com.example.retornavaloractivity"
4    android:versionCode="1"
5    android:versionName="1.0" >
6
7    <uses-sdk
7-->src\main\AndroidManifest.xml:6:5-8:41
8        android:minSdkVersion="8"
8-->src\main\AndroidManifest.xml:7:9-34
9        android:targetSdkVersion="15" />
9-->src\main\AndroidManifest.xml:8:9-38
10
11    <application
11-->src\main\AndroidManifest.xml:10:5-28:19
12        android:debuggable="true"
13        android:icon="@drawable/ic_launcher"
13-->src\main\AndroidManifest.xml:11:9-45
14        android:label="@string/app_name"
14-->src\main\AndroidManifest.xml:12:9-41
15        android:testOnly="true"
16        android:theme="@style/AppTheme" >
16-->src\main\AndroidManifest.xml:13:9-40
17        <activity
17-->src\main\AndroidManifest.xml:14:9-22:20
18            android:name="com.example.retornavaloractivity.Tela1"
18-->src\main\AndroidManifest.xml:15:13-34
19            android:label="@string/title_activity_tela1" >
19-->src\main\AndroidManifest.xml:16:13-57
20            <intent-filter>
20-->src\main\AndroidManifest.xml:17:13-21:29
21                <action android:name="android.intent.action.MAIN" />
21-->src\main\AndroidManifest.xml:18:17-69
21-->src\main\AndroidManifest.xml:18:25-66
22
23                <category android:name="android.intent.category.LAUNCHER" />
23-->src\main\AndroidManifest.xml:20:17-77
23-->src\main\AndroidManifest.xml:20:27-74
24            </intent-filter>
25        </activity>
26        <activity
26-->src\main\AndroidManifest.xml:23:9-27:20
27            android:name="com.example.retornavaloractivity.Tela2"
27-->src\main\AndroidManifest.xml:24:13-34
28            android:label="@string/title_activity_tela2" >
28-->src\main\AndroidManifest.xml:25:13-57
29        </activity>
30    </application>
31
32</manifest>